d:\visual studio\repos\retroscreensaver\x64\release\vc143.pdb
d:\visual studio\repos\retroscreensaver\x64\release\mytext.obj
d:\visual studio\repos\retroscreensaver\x64\release\mycircle.obj
d:\visual studio\repos\retroscreensaver\x64\release\main.obj
d:\visual studio\repos\retroscreensaver\x64\release\gamemanager.obj
d:\visual studio\repos\retroscreensaver\x64\release\mycircle.h.ifc
d:\visual studio\repos\retroscreensaver\x64\release\mycircle.h.ifc.d.json
d:\visual studio\repos\retroscreensaver\x64\release\mycircle.h.obj
d:\visual studio\repos\retroscreensaver\x64\release\retroscreensaver.ipdb
d:\visual studio\repos\retroscreensaver\x64\release\retroscreensaver.iobj
d:\visual studio\repos\retroscreensaver\x64\release\retroscreensaver.exe
d:\visual studio\repos\retroscreensaver\x64\release\retroscreensaver.pdb
d:\visual studio\repos\retroscreensaver\x64\release\mycircle.h.module.json
d:\visual studio\repos\retroscreensaver\x64\release\retroscreensaver.tlog\cl.command.1.tlog
d:\visual studio\repos\retroscreensaver\x64\release\retroscreensaver.tlog\cl.items.tlog
d:\visual studio\repos\retroscreensaver\x64\release\retroscreensaver.tlog\cl.read.1.tlog
d:\visual studio\repos\retroscreensaver\x64\release\retroscreensaver.tlog\cl.write.1.tlog
d:\visual studio\repos\retroscreensaver\x64\release\retroscreensaver.tlog\link.command.1.tlog
d:\visual studio\repos\retroscreensaver\x64\release\retroscreensaver.tlog\link.read.1.tlog
d:\visual studio\repos\retroscreensaver\x64\release\retroscreensaver.tlog\link.write.1.tlog
d:\visual studio\repos\retroscreensaver\x64\release\retroscreensaver.tlog\link.write.2u.tlog
d:\visual studio\repos\retroscreensaver\x64\release\retroscreensaver_md.tlog\cl.command.1.tlog
d:\visual studio\repos\retroscreensaver\x64\release\retroscreensaver_md.tlog\microsoft.build.cpptasks.cl.read.1.tlog
d:\visual studio\repos\retroscreensaver\x64\release\retroscreensaver_md.tlog\microsoft.build.cpptasks.cl.write.1.tlog
