d:\visual studio\repos\retroscreensaver\x64\debug\vc143.pdb
d:\visual studio\repos\retroscreensaver\x64\debug\vc143.idb
d:\visual studio\repos\retroscreensaver\x64\debug\settings.obj
d:\visual studio\repos\retroscreensaver\x64\debug\physicsengine.obj
d:\visual studio\repos\retroscreensaver\x64\debug\mytext.obj
d:\visual studio\repos\retroscreensaver\x64\debug\mycircle.obj
d:\visual studio\repos\retroscreensaver\x64\debug\main.obj
d:\visual studio\repos\retroscreensaver\x64\debug\gamemanager.obj
d:\visual studio\repos\retroscreensaver\x64\debug\fpscounter.obj
d:\visual studio\repos\retroscreensaver\x64\debug\mycircle.h.ifc
d:\visual studio\repos\retroscreensaver\x64\debug\mycircle.h.ifc.d.json
d:\visual studio\repos\retroscreensaver\x64\debug\mycircle.h.obj
d:\visual studio\repos\retroscreensaver\x64\debug\physicssandbox.exe
d:\visual studio\repos\retroscreensaver\x64\debug\physicssandbox.ilk
d:\visual studio\repos\retroscreensaver\x64\debug\physicssandbox.pdb
d:\visual studio\repos\retroscreensaver\x64\debug\mycircle.h.module.json
d:\visual studio\repos\retroscreensaver\x64\debug\fpscounter.obj.enc
d:\visual studio\repos\retroscreensaver\x64\debug\gamemanager.obj.enc
d:\visual studio\repos\retroscreensaver\x64\debug\mytext.obj.enc
d:\visual studio\repos\retroscreensaver\x64\debug\retroscreensaver.ilk
d:\visual studio\repos\retroscreensaver\x64\debug\retroscreensaver.pdb
d:\visual studio\repos\retroscreensaver\x64\debug\physicssandbox.tlog\cl.command.1.tlog
d:\visual studio\repos\retroscreensaver\x64\debug\physicssandbox.tlog\cl.items.tlog
d:\visual studio\repos\retroscreensaver\x64\debug\physicssandbox.tlog\cl.read.1.tlog
d:\visual studio\repos\retroscreensaver\x64\debug\physicssandbox.tlog\cl.write.1.tlog
d:\visual studio\repos\retroscreensaver\x64\debug\physicssandbox.tlog\link.command.1.tlog
d:\visual studio\repos\retroscreensaver\x64\debug\physicssandbox.tlog\link.read.1.tlog
d:\visual studio\repos\retroscreensaver\x64\debug\physicssandbox.tlog\link.write.1.tlog
d:\visual studio\repos\retroscreensaver\x64\debug\physicssandbox_md.tlog\cl.command.1.tlog
d:\visual studio\repos\retroscreensaver\x64\debug\physicssandbox_md.tlog\microsoft.build.cpptasks.cl.read.1.tlog
d:\visual studio\repos\retroscreensaver\x64\debug\physicssandbox_md.tlog\microsoft.build.cpptasks.cl.write.1.tlog
