  Scanning sources for module dependencies...
  GameManager.cpp
D:\Visual Studio\Repos\RetroScreenSaver\GameManager.cpp(71,29): warning C4244: 'initializing': conversion from 'T' to 'float', possible loss of data
          with
          [
              T=unsigned int
          ]
D:\Visual Studio\Repos\RetroScreenSaver\GameManager.cpp(72,30): warning C4244: 'initializing': conversion from 'T' to 'float', possible loss of data
          with
          [
              T=unsigned int
          ]
D:\Visual Studio\Repos\RetroScreenSaver\GameManager.cpp(142,27): warning C4267: '=': conversion from 'size_t' to 'int', possible loss of data
D:\Visual Studio\Repos\RetroScreenSaver\GameManager.cpp(214,17): warning C4244: 'initializing': conversion from 'T' to 'float', possible loss of data
          with
          [
              T=unsigned int
          ]
D:\Visual Studio\Repos\RetroScreenSaver\GameManager.cpp(215,18): warning C4244: 'initializing': conversion from 'T' to 'float', possible loss of data
          with
          [
              T=unsigned int
          ]
D:\Visual Studio\Repos\RetroScreenSaver\GameManager.cpp(233,21): warning C4244: 'initializing': conversion from 'T' to 'float', possible loss of data
          with
          [
              T=unsigned int
          ]
D:\Visual Studio\Repos\RetroScreenSaver\GameManager.cpp(234,22): warning C4244: 'initializing': conversion from 'T' to 'float', possible loss of data
          with
          [
              T=unsigned int
          ]
D:\Visual Studio\Repos\RetroScreenSaver\GameManager.cpp(268,29): warning C4244: 'initializing': conversion from 'T' to 'float', possible loss of data
          with
          [
              T=unsigned int
          ]
D:\Visual Studio\Repos\RetroScreenSaver\GameManager.cpp(269,30): warning C4244: 'initializing': conversion from 'T' to 'float', possible loss of data
          with
          [
              T=unsigned int
          ]
  RetroScreenSaver.vcxproj -> D:\Visual Studio\Repos\RetroScreenSaver\x64\Debug\RetroScreenSaver.exe
